<?xml version="1.0" encoding="UTF-8"?>
<testng-results ignored="0" total="1" passed="1" failed="0" skipped="0">
  <reporter-output>
  </reporter-output>
  <suite started-at="2024-03-06T23:29:25 EET" name="Default suite" finished-at="2024-03-06T23:29:27 EET" duration-ms="2217">
    <groups>
    </groups>
    <test started-at="2024-03-06T23:29:25 EET" name="Default test" finished-at="2024-03-06T23:29:27 EET" duration-ms="2217">
      <class name="JavaClassPackage.javaClass">
        <test-method is-config="true" signature="myBeforeTest()[pri:0, instance:JavaClassPackage.javaClass@319988b0]" started-at="2024-03-06T23:29:25 EET" name="myBeforeTest" finished-at="2024-03-06T23:29:25 EET" duration-ms="136" status="PASS">
          <reporter-output>
          </reporter-output>
        </test-method> <!-- myBeforeTest -->
        <test-method signature="myfirstTest()[pri:0, instance:JavaClassPackage.javaClass@319988b0]" started-at="2024-03-06T23:29:25 EET" name="myfirstTest" finished-at="2024-03-06T23:29:27 EET" duration-ms="2049" status="PASS">
          <reporter-output>
          </reporter-output>
        </test-method> <!-- myfirstTest -->
      </class> <!-- JavaClassPackage.javaClass -->
    </test> <!-- Default test -->
  </suite> <!-- Default suite -->
</testng-results>
